<?xml version="1.0" encoding="utf-8" ?>
<!DOCTYPE html PUBLIC "-//W3C//DTD XHTML 1.0 Strict//EN"
        "http://www.w3.org/TR/xhtml1/DTD/xhtml1-strict.dtd">
<html xmlns="http://www.w3.org/1999/xhtml" xml:lang="" lang="">
<head>
  <title>Test Results Report - FlightSearchTest</title>
  <meta http-equiv="Content-Type" content="text/html;charset=utf-8" />
  <meta name="description" content="TestNG unit test results." />
  <link href="reportng.css" rel="stylesheet" type="text/css" />
    <script type="text/javascript" src="reportng.js"></script>
</head>
<body>
<h1>FlightSearchTest</h1>
<p>
  Test duration: 90.923s
</p>



  <table class="resultsTable">
    <tr><th colspan="3" class="header failed">Failed Tests</th></tr>
          <tr>
        <td colspan="3" class="group">com.w2a.testcases.FlightSearchTest</td>
      </tr>
            
<tr>
  <td class="method">
                  flightSearchTest
      </td>
  <td class="duration">
    47.834s
  </td>
  <td class="result">
        
          <i>Method arguments: </i><span class="arguments">{age=3.0, toDate=20/01/2020, fromDate=14/01/2020, Runmode=Y, toCity=Pune, India (PNQ-Lohegaon), fromCity=Bengaluru, India (BLR-Kempegowda Intl.)}</span><br />
    
            <div class="testOutput">
                        Click to see Screen Image.
                                <a target="_blank" href=Thu_Dec_26_09_52_48_IST_2019.jpg>ScreenImage</>
                                <br>
                                <br>
                                <a target="_blank" href=Thu_Dec_26_09_52_48_IST_2019.jpg><img src=Thu_Dec_26_09_52_48_IST_2019.jpg height=200 width=200></img></>
                  </div>
    

        <a href="javascript:toggleElement('exception-0', 'block')" title="Click to expand/collapse"><b>java.lang.AssertionError: expected [6] but found [5]</b></a><br />
    <div class="stackTrace" id="exception-0">
              org.testng.Assert.fail(Assert.java:97)<br />
              org.testng.Assert.assertEqualsImpl(Assert.java:136)<br />
              org.testng.Assert.assertEquals(Assert.java:118)<br />
              org.testng.Assert.assertEquals(Assert.java:563)<br />
              com.w2a.errorcollectors.ErrorCollector.assertEquals(ErrorCollector.java:38)<br />
              com.w2a.errorcollectors.ErrorCollector.verifyEquals(ErrorCollector.java:102)<br />
              com.w2a.testcases.FlightSearchTest.flightSearchTest(FlightSearchTest.java:32)<br />
              sun.reflect.NativeMethodAccessorImpl.invoke0(Native Method)<br />
              sun.reflect.NativeMethodAccessorImpl.invoke(NativeMethodAccessorImpl.java:62)<br />
              sun.reflect.DelegatingMethodAccessorImpl.invoke(DelegatingMethodAccessorImpl.java:43)<br />
              java.lang.reflect.Method.invoke(Method.java:498)<br />
              org.testng.internal.MethodInvocationHelper.invokeMethod(MethodInvocationHelper.java:133)<br />
              org.testng.internal.TestInvoker.invokeMethod(TestInvoker.java:584)<br />
              org.testng.internal.TestInvoker.invokeTestMethod(TestInvoker.java:172)<br />
              org.testng.internal.MethodRunner.runInSequence(MethodRunner.java:46)<br />
              org.testng.internal.TestInvoker$MethodInvocationAgent.invoke(TestInvoker.java:804)<br />
              org.testng.internal.TestInvoker.invokeTestMethods(TestInvoker.java:145)<br />
              org.testng.internal.TestMethodWorker.invokeTestMethods(TestMethodWorker.java:146)<br />
              org.testng.internal.TestMethodWorker.run(TestMethodWorker.java:128)<br />
              java.util.ArrayList.forEach(ArrayList.java:1257)<br />
              org.testng.TestRunner.privateRun(TestRunner.java:770)<br />
              org.testng.TestRunner.run(TestRunner.java:591)<br />
              org.testng.SuiteRunner.runTest(SuiteRunner.java:402)<br />
              org.testng.SuiteRunner.runSequentially(SuiteRunner.java:396)<br />
              org.testng.SuiteRunner.privateRun(SuiteRunner.java:355)<br />
              org.testng.SuiteRunner.run(SuiteRunner.java:304)<br />
              org.testng.SuiteRunnerWorker.runSuite(SuiteRunnerWorker.java:53)<br />
              org.testng.SuiteRunnerWorker.run(SuiteRunnerWorker.java:96)<br />
              org.testng.TestNG.runSuitesSequentially(TestNG.java:1180)<br />
              org.testng.TestNG.runSuitesLocally(TestNG.java:1102)<br />
              org.testng.TestNG.runSuites(TestNG.java:1032)<br />
              org.testng.TestNG.run(TestNG.java:1000)<br />
              org.testng.remote.AbstractRemoteTestNG.run(AbstractRemoteTestNG.java:115)<br />
              org.testng.remote.RemoteTestNG.initAndRun(RemoteTestNG.java:251)<br />
              org.testng.remote.RemoteTestNG.main(RemoteTestNG.java:77)<br />
                </div>
      </td>
</tr>
<tr>
  <td class="method">
                  flightSearchTest
      </td>
  <td class="duration">
    41.273s
  </td>
  <td class="result">
        
          <i>Method arguments: </i><span class="arguments">{age=3.0, toDate=20/01/2020, fromDate=14/01/2020, Runmode=Y, toCity=Pune, India (PNQ-Lohegaon), fromCity=Delhi, India (DEL-Indira Gandhi Intl.)}</span><br />
    
            <div class="testOutput">
                        Click to see Screen Image.
                                <a target="_blank" href=Thu_Dec_26_09_51_58_IST_2019.jpg>ScreenImage</>
                                <br>
                                <br>
                                <a target="_blank" href=Thu_Dec_26_09_51_58_IST_2019.jpg><img src=Thu_Dec_26_09_51_58_IST_2019.jpg height=200 width=200></img></>
                  </div>
    

        <a href="javascript:toggleElement('exception-1', 'block')" title="Click to expand/collapse"><b>java.lang.AssertionError: expected [6] but found [5]</b></a><br />
    <div class="stackTrace" id="exception-1">
              org.testng.Assert.fail(Assert.java:97)<br />
              org.testng.Assert.assertEqualsImpl(Assert.java:136)<br />
              org.testng.Assert.assertEquals(Assert.java:118)<br />
              org.testng.Assert.assertEquals(Assert.java:563)<br />
              com.w2a.errorcollectors.ErrorCollector.assertEquals(ErrorCollector.java:38)<br />
              com.w2a.errorcollectors.ErrorCollector.verifyEquals(ErrorCollector.java:102)<br />
              com.w2a.testcases.FlightSearchTest.flightSearchTest(FlightSearchTest.java:32)<br />
              sun.reflect.NativeMethodAccessorImpl.invoke0(Native Method)<br />
              sun.reflect.NativeMethodAccessorImpl.invoke(NativeMethodAccessorImpl.java:62)<br />
              sun.reflect.DelegatingMethodAccessorImpl.invoke(DelegatingMethodAccessorImpl.java:43)<br />
              java.lang.reflect.Method.invoke(Method.java:498)<br />
              org.testng.internal.MethodInvocationHelper.invokeMethod(MethodInvocationHelper.java:133)<br />
              org.testng.internal.TestInvoker.invokeMethod(TestInvoker.java:584)<br />
              org.testng.internal.TestInvoker.invokeTestMethod(TestInvoker.java:172)<br />
              org.testng.internal.MethodRunner.runInSequence(MethodRunner.java:46)<br />
              org.testng.internal.TestInvoker$MethodInvocationAgent.invoke(TestInvoker.java:804)<br />
              org.testng.internal.TestInvoker.invokeTestMethods(TestInvoker.java:145)<br />
              org.testng.internal.TestMethodWorker.invokeTestMethods(TestMethodWorker.java:146)<br />
              org.testng.internal.TestMethodWorker.run(TestMethodWorker.java:128)<br />
              java.util.ArrayList.forEach(ArrayList.java:1257)<br />
              org.testng.TestRunner.privateRun(TestRunner.java:770)<br />
              org.testng.TestRunner.run(TestRunner.java:591)<br />
              org.testng.SuiteRunner.runTest(SuiteRunner.java:402)<br />
              org.testng.SuiteRunner.runSequentially(SuiteRunner.java:396)<br />
              org.testng.SuiteRunner.privateRun(SuiteRunner.java:355)<br />
              org.testng.SuiteRunner.run(SuiteRunner.java:304)<br />
              org.testng.SuiteRunnerWorker.runSuite(SuiteRunnerWorker.java:53)<br />
              org.testng.SuiteRunnerWorker.run(SuiteRunnerWorker.java:96)<br />
              org.testng.TestNG.runSuitesSequentially(TestNG.java:1180)<br />
              org.testng.TestNG.runSuitesLocally(TestNG.java:1102)<br />
              org.testng.TestNG.runSuites(TestNG.java:1032)<br />
              org.testng.TestNG.run(TestNG.java:1000)<br />
              org.testng.remote.AbstractRemoteTestNG.run(AbstractRemoteTestNG.java:115)<br />
              org.testng.remote.RemoteTestNG.initAndRun(RemoteTestNG.java:251)<br />
              org.testng.remote.RemoteTestNG.main(RemoteTestNG.java:77)<br />
                </div>
      </td>
</tr>
      </table>


  
</body>
</html>
