<!DOCTYPE html PUBLIC "-//W3C//DTD XHTML 1.1//EN" "http://www.w3.org/TR/xhtml11/DTD/xhtml11.dtd">
<html xmlns="http://www.w3.org/1999/xhtml">
<head>
<meta http-equiv="content-type" content="text/html; charset=UTF-8"/>
<title>TestNG Report</title>
<style type="text/css">table {margin-bottom:10px;border-collapse:collapse;empty-cells:show}th,td {border:1px solid #009;padding:.25em .5em}th {vertical-align:bottom}td {vertical-align:top}table a {font-weight:bold}.stripe td {background-color: #E6EBF9}.num {text-align:right}.passedodd td {background-color: #3F3}.passedeven td {background-color: #0A0}.skippedodd td {background-color: #DDD}.skippedeven td {background-color: #CCC}.failedodd td,.attn {background-color: #F33}.failedeven td,.stripe .attn {background-color: #D00}.stacktrace {white-space:pre;font-family:monospace}.totop {font-size:85%;text-align:center;border-bottom:2px solid #000}.invisible {display:none}</style>
</head>
<body>
<table>
<tr><th>Test</th><th># Passed</th><th># Skipped</th><th># Retried</th><th># Failed</th><th>Time (ms)</th><th>Included Groups</th><th>Excluded Groups</th></tr>
<tr><th colspan="7">PageObjectModel factories</th></tr>
<tr><td><a href="#t0">SignInTest</a></td><td class="num">2</td><td class="num">0</td><td class="num">0</td><td class="num">0</td><td class="num">37,608</td><td></td><td></td></tr>
<tr class="stripe"><td><a href="#t1">FlightSearchTest</a></td><td class="num">0</td><td class="num">0</td><td class="num">0</td><td class="num attn">2</td><td class="num">93,880</td><td></td><td></td></tr>
<tr><th>Total</th><th class="num">2</th><th class="num">0</th><th class="num">0</th><th class="num attn">2</th><th class="num">131,488</th><th colspan="2"></th></tr>
</table>
<table id='summary'><thead><tr><th>Class</th><th>Method</th><th>Start</th><th>Time (ms)</th></tr></thead><tbody><tr><th colspan="4">PageObjectModel factories</th></tr></tbody><tbody id="t0"><tr><th colspan="4">SignInTest &#8212; passed</th></tr><tr class="passedeven"><td rowspan="2">com.w2a.testcases.SignInTest</td><td><a href="#m0">signInTest</a></td><td rowspan="2">1577334039387</td><td rowspan="2">21778</td></tr><tr class="passedeven"><td><a href="#m1">signInTest</a></td></tr></tbody>
<tbody id="t1"><tr><th colspan="4">FlightSearchTest &#8212; failed</th></tr><tr class="failedeven"><td rowspan="2">com.w2a.testcases.FlightSearchTest</td><td><a href="#m2">flightSearchTest</a></td><td rowspan="2">1577334077014</td><td rowspan="2">41273</td></tr><tr class="failedeven"><td><a href="#m3">flightSearchTest</a></td></tr></tbody>
</table>
<h2>SignInTest</h2><h3 id="m0">com.w2a.testcases.SignInTest#signInTest</h3><table class="result"><tr class="param"><th>Parameter #1</th></tr><tr class="param stripe"><td>{password=Password_1234, Runmode=Y, username=mp_apr80@outlook.com}</td></tr></table><p class="totop"><a href="#summary">back to summary</a></p>
<h3 id="m1">com.w2a.testcases.SignInTest#signInTest</h3><table class="result"><tr class="param"><th>Parameter #1</th></tr><tr class="param stripe"><td>{password=Password_1234, Runmode=Y, username=mp_apr81@outlook.com}</td></tr></table><p class="totop"><a href="#summary">back to summary</a></p>
<h2>FlightSearchTest</h2><h3 id="m2">com.w2a.testcases.FlightSearchTest#flightSearchTest</h3><table class="result"><tr class="param"><th>Parameter #1</th></tr><tr class="param stripe"><td>{age=3.0, toDate=20/01/2020, fromDate=14/01/2020, Runmode=Y, toCity=Pune, India (PNQ-Lohegaon), fromCity=Delhi, India (DEL-Indira Gandhi Intl.)}</td></tr><tr><th>Messages</th></tr><tr><td><div class="messages">Click to see Screen Image.<br/><a target="_blank" href=Thu_Dec_26_09_51_58_IST_2019.jpg>ScreenImage</><br/><br><br/><br><br/><a target="_blank" href=Thu_Dec_26_09_51_58_IST_2019.jpg><img src=Thu_Dec_26_09_51_58_IST_2019.jpg height=200 width=200></img></></div></td></tr><tr><th>Exception</th></tr><tr><td><div class="stacktrace">java.lang.AssertionError: expected [6] but found [5]
	at com.w2a.errorcollectors.ErrorCollector.assertEquals(ErrorCollector.java:38)
	at com.w2a.errorcollectors.ErrorCollector.verifyEquals(ErrorCollector.java:102)
	at com.w2a.testcases.FlightSearchTest.flightSearchTest(FlightSearchTest.java:32)
	at java.util.ArrayList.forEach(ArrayList.java:1257)
... Removed 31 stack frames</div></td></tr></table><p class="totop"><a href="#summary">back to summary</a></p>
<h3 id="m3">com.w2a.testcases.FlightSearchTest#flightSearchTest</h3><table class="result"><tr class="param"><th>Parameter #1</th></tr><tr class="param stripe"><td>{age=3.0, toDate=20/01/2020, fromDate=14/01/2020, Runmode=Y, toCity=Pune, India (PNQ-Lohegaon), fromCity=Bengaluru, India (BLR-Kempegowda Intl.)}</td></tr><tr><th>Messages</th></tr><tr><td><div class="messages">Click to see Screen Image.<br/><a target="_blank" href=Thu_Dec_26_09_52_48_IST_2019.jpg>ScreenImage</><br/><br><br/><br><br/><a target="_blank" href=Thu_Dec_26_09_52_48_IST_2019.jpg><img src=Thu_Dec_26_09_52_48_IST_2019.jpg height=200 width=200></img></></div></td></tr><tr><th>Exception</th></tr><tr><td><div class="stacktrace">java.lang.AssertionError: expected [6] but found [5]
	at com.w2a.errorcollectors.ErrorCollector.assertEquals(ErrorCollector.java:38)
	at com.w2a.errorcollectors.ErrorCollector.verifyEquals(ErrorCollector.java:102)
	at com.w2a.testcases.FlightSearchTest.flightSearchTest(FlightSearchTest.java:32)
	at java.util.ArrayList.forEach(ArrayList.java:1257)
... Removed 31 stack frames</div></td></tr></table><p class="totop"><a href="#summary">back to summary</a></p>
</body>
</html>
